<?xml version="1.0" encoding="UTF-8" ?>
<testsuite errors="0" failures="1" hostname="farnsworth-L702X" name="com.example.exampleMod.ExampleTest" skipped="0" tests="1" time="0.037" timestamp="2014-05-22T21:46:28">
  <properties>
    <property name="java.vendor" value="Oracle Corporation" />
    <property name="sun.java.launcher" value="SUN_STANDARD" />
    <property name="sun.management.compiler" value="HotSpot 64-Bit Tiered Compilers" />
    <property name="os.name" value="Linux" />
    <property name="sun.boot.class.path" value="/usr/lib/jvm/java-7-oracle/jre/lib/resources.jar:/usr/lib/jvm/java-7-oracle/jre/lib/rt.jar:/usr/lib/jvm/java-7-oracle/jre/lib/sunrsasign.jar:/usr/lib/jvm/java-7-oracle/jre/lib/jsse.jar:/usr/lib/jvm/java-7-oracle/jre/lib/jce.jar:/usr/lib/jvm/java-7-oracle/jre/lib/charsets.jar:/usr/lib/jvm/java-7-oracle/jre/lib/jfr.jar:/usr/lib/jvm/java-7-oracle/jre/classes" />
    <property name="sun.desktop" value="gnome" />
    <property name="java.vm.specification.vendor" value="Oracle Corporation" />
    <property name="ant.home" value="/usr/share/ant" />
    <property name="java.runtime.version" value="1.7.0_55-b13" />
    <property name="user.name" value="farnsworth" />
    <property name="user.language" value="en" />
    <property name="sun.boot.library.path" value="/usr/lib/jvm/java-7-oracle/jre/lib/amd64" />
    <property name="ant.project.default-target" value="build" />
    <property name="ant.project.name" value="Minecraft" />
    <property name="java.version" value="1.7.0_55" />
    <property name="user.timezone" value="" />
    <property name="sun.arch.data.model" value="64" />
    <property name="java.endorsed.dirs" value="/usr/lib/jvm/java-7-oracle/jre/lib/endorsed" />
    <property name="src.main" value="src/main/java" />
    <property name="sun.cpu.isalist" value="" />
    <property name="sun.jnu.encoding" value="UTF-8" />
    <property name="file.encoding.pkg" value="sun.io" />
    <property name="file.separator" value="/" />
    <property name="java.specification.name" value="Java Platform API Specification" />
    <property name="java.class.version" value="51.0" />
    <property name="user.country" value="CA" />
    <property name="java.home" value="/usr/lib/jvm/java-7-oracle/jre" />
    <property name="src.resources" value="src/main/resources" />
    <property name="java.vm.info" value="mixed mode" />
    <property name="ant.file" value="/home/farnsworth/Downloads/forge-1.7.2-10.12.1.1060-src/src/build.xml" />
    <property name="os.version" value="3.11.0-12-generic" />
    <property name="report.test" value="build/reports/test" />
    <property name="path.separator" value=":" />
    <property name="java.vm.version" value="24.55-b03" />
    <property name="ant.library.dir" value="/usr/share/ant/lib" />
    <property name="junit.output.dir" value="build/test-results" />
    <property name="java.awt.printerjob" value="sun.print.PSPrinterJob" />
    <property name="sun.io.unicode.encoding" value="UnicodeLittle" />
    <property name="awt.toolkit" value="sun.awt.X11.XToolkit" />
    <property name="build.main" value="build/classes/main" />
    <property name="user.home" value="/home/farnsworth" />
    <property name="target" value="1.7" />
    <property name="java.specification.vendor" value="Oracle Corporation" />
    <property name="ant.file.Minecraft" value="/home/farnsworth/Downloads/forge-1.7.2-10.12.1.1060-src/src/build.xml" />
    <property name="build.resources" value="build/resources" />
    <property name="java.library.path" value="/usr/java/packages/lib/amd64:/usr/lib64:/lib64:/lib:/usr/lib" />
    <property name="java.vendor.url" value="http://java.oracle.com/" />
    <property name="java.vm.vendor" value="Oracle Corporation" />
    <property name="java.runtime.name" value="Java(TM) SE Runtime Environment" />
    <property name="sun.java.command" value="org.apache.tools.ant.taskdefs.optional.junit.JUnitTestRunner com.example.exampleMod.ExampleTest filtertrace=true haltOnError=false haltOnFailure=false formatter=org.apache.tools.ant.taskdefs.optional.junit.OutErrSummaryJUnitResultFormatter showoutput=false outputtoformatters=true logfailedtests=true logtestlistenerevents=false formatter=org.apache.tools.ant.taskdefs.optional.junit.XMLJUnitResultFormatter,/home/farnsworth/Downloads/forge-1.7.2-10.12.1.1060-src/build/test-results/TEST-com.example.exampleMod.ExampleTest.xml crashfile=/home/farnsworth/Downloads/forge-1.7.2-10.12.1.1060-src/junitvmwatcher2741814968201378142.properties propsfile=/home/farnsworth/Downloads/forge-1.7.2-10.12.1.1060-src/junit6725403989072320437.properties" />
    <property name="java.class.path" value="/home/farnsworth/Downloads/forge-1.7.2-10.12.1.1060-src/build/classes/test:/home/farnsworth/Downloads/forge-1.7.2-10.12.1.1060-src/build/classes/main:/home/farnsworth/.gradle/caches/minecraft/net/minecraftforge/forge/1.7.2-10.12.1.1060/forgeSrc-1.7.2-10.12.1.1060.jar:/home/farnsworth/.gradle/caches/modules-2/files-2.1/net.minecraft/launchwrapper/1.9/116f2aad5b0c68353ebed66cd463517db6522f7e/launchwrapper-1.9.jar:/home/farnsworth/.gradle/caches/modules-2/files-2.1/org.ow2.asm/asm-debug-all/4.1/dd6ba5c392d4102458494e29f54f70ac534ec2a2/asm-debug-all-4.1.jar:/home/farnsworth/.gradle/caches/modules-2/files-2.1/org.scala-lang/scala-library/2.10.2/6ba65d12cd09d441083262d6f73d2257fec7c663/scala-library-2.10.2.jar:/home/farnsworth/.gradle/caches/modules-2/files-2.1/org.scala-lang/scala-compiler/2.10.2/64c8b1380cc53d6850823d6e4e7ae984aa44ef9c/scala-compiler-2.10.2.jar:/home/farnsworth/.gradle/caches/modules-2/files-2.1/net.sf.jopt-simple/jopt-simple/4.5/6065cc95c661255349c1d0756657be17c29a4fd3/jopt-simple-4.5.jar:/home/farnsworth/.gradle/caches/modules-2/files-2.1/java3d/vecmath/1.3.1/a0ae4f51da409fa0c20fa0ca59e6bbc9413ae71d/vecmath-1.3.1.jar:/home/farnsworth/.gradle/caches/modules-2/files-2.1/net.sf.trove4j/trove4j/3.0.3/42ccaf4761f0dfdfa805c9e340d99a755907e2dd/trove4j-3.0.3.jar:/home/farnsworth/.gradle/caches/modules-2/files-2.1/com.ibm.icu/icu4j-core-mojang/51.2/63d216a9311cca6be337c1e458e587f99d382b84/icu4j-core-mojang-51.2.jar:/home/farnsworth/.gradle/caches/modules-2/files-2.1/lzma/lzma/0.0.1/521616dc7487b42bef0e803bd2fa3faf668101d7/lzma-0.0.1.jar:/home/farnsworth/.gradle/caches/modules-2/files-2.1/com.paulscode/codecjorbis/20101023/c73b5636faf089d9f00e8732a829577de25237ee/codecjorbis-20101023.jar:/home/farnsworth/.gradle/caches/modules-2/files-2.1/com.paulscode/codecwav/20101023/12f031cfe88fef5c1dd36c563c0a3a69bd7261da/codecwav-20101023.jar:/home/farnsworth/.gradle/caches/modules-2/files-2.1/com.paulscode/libraryjavasound/20101123/5c5e304366f75f9eaa2e8cca546a1fb6109348b3/libraryjavasound-20101123.jar:/home/farnsworth/.gradle/caches/modules-2/files-2.1/com.paulscode/librarylwjglopenal/20100824/73e80d0794c39665aec3f62eee88ca91676674ef/librarylwjglopenal-20100824.jar:/home/farnsworth/.gradle/caches/modules-2/files-2.1/com.paulscode/soundsystem/20120107/419c05fe9be71f792b2d76cfc9b67f1ed0fec7f6/soundsystem-20120107.jar:/home/farnsworth/.gradle/caches/modules-2/files-2.1/io.netty/netty-all/4.0.10.Final/9e50bd52ffe257a0e2cd8d971688d6ce7d174325/netty-all-4.0.10.Final.jar:/home/farnsworth/.gradle/caches/modules-2/files-2.1/com.google.guava/guava/15.0/ed727a8d9f247e2050281cb083f1c77b09dcb5cd/guava-15.0.jar:/home/farnsworth/.gradle/caches/modules-2/files-2.1/org.apache.commons/commons-lang3/3.1/905075e6c80f206bbe6cf1e809d2caa69f420c76/commons-lang3-3.1.jar:/home/farnsworth/.gradle/caches/modules-2/files-2.1/commons-io/commons-io/2.4/b1b6ea3b7e4aa4f492509a4952029cd8e48019ad/commons-io-2.4.jar:/home/farnsworth/.gradle/caches/modules-2/files-2.1/net.java.jinput/jinput/2.0.5/39c7796b469a600f72380316f6b1f11db6c2c7c4/jinput-2.0.5.jar:/home/farnsworth/.gradle/caches/modules-2/files-2.1/net.java.jutils/jutils/1.0.0/e12fe1fda814bd348c1579329c86943d2cd3c6a6/jutils-1.0.0.jar:/home/farnsworth/.gradle/caches/modules-2/files-2.1/com.google.code.gson/gson/2.2.4/a60a5e993c98c864010053cb901b7eab25306568/gson-2.2.4.jar:/home/farnsworth/.gradle/caches/modules-2/files-2.1/com.mojang/authlib/1.3/4fb033c2d6eccced08752d8f33e8c3a0a45deb2d/authlib-1.3.jar:/home/farnsworth/.gradle/caches/modules-2/files-2.1/org.apache.logging.log4j/log4j-api/2.0-beta9/1dd66e68cccd907880229f9e2de1314bd13ff785/log4j-api-2.0-beta9.jar:/home/farnsworth/.gradle/caches/modules-2/files-2.1/org.apache.logging.log4j/log4j-core/2.0-beta9/678861ba1b2e1fccb594bb0ca03114bb05da9695/log4j-core-2.0-beta9.jar:/home/farnsworth/.gradle/caches/modules-2/files-2.1/org.lwjgl.lwjgl/lwjgl/2.9.0/5654d06e61a1bba7ae1e7f5233e1106be64c91cd/lwjgl-2.9.0.jar:/home/farnsworth/.gradle/caches/modules-2/files-2.1/org.lwjgl.lwjgl/lwjgl_util/2.9.0/a778846b64008fc7f48ead2377f034e547991699/lwjgl_util-2.9.0.jar:/home/farnsworth/.gradle/caches/modules-2/files-2.1/org.lwjgl.lwjgl/lwjgl-platform/2.9.0/2ba5dcb11048147f1a74eff2deb192c001321f77/lwjgl-platform-2.9.0-natives-linux.jar:/home/farnsworth/.gradle/caches/modules-2/files-2.1/org.lwjgl.lwjgl/lwjgl-platform/2.9.0/6621b382cb14cc409b041d8d72829156a87c31aa/lwjgl-platform-2.9.0-natives-osx.jar:/home/farnsworth/.gradle/caches/modules-2/files-2.1/org.lwjgl.lwjgl/lwjgl-platform/2.9.0/3f11873dc8e84c854ec7c5a8fd2e869f8aaef764/lwjgl-platform-2.9.0-natives-windows.jar:/home/farnsworth/.gradle/caches/modules-2/files-2.1/net.java.jinput/jinput-platform/2.0.5/7ff832a6eb9ab6a767f1ade2b548092d0fa64795/jinput-platform-2.0.5-natives-linux.jar:/home/farnsworth/.gradle/caches/modules-2/files-2.1/net.java.jinput/jinput-platform/2.0.5/53f9c919f34d2ca9de8c51fc4e1e8282029a9232/jinput-platform-2.0.5-natives-osx.jar:/home/farnsworth/.gradle/caches/modules-2/files-2.1/net.java.jinput/jinput-platform/2.0.5/385ee093e01f587f30ee1c8a2ee7d408fd732e16/jinput-platform-2.0.5-natives-windows.jar:/home/farnsworth/.gradle/caches/modules-2/files-2.1/org.scala-lang/scala-reflect/2.10.2/444ff8e89a81697997ed8a98a4642ba283130249/scala-reflect-2.10.2.jar:/home/farnsworth/Downloads/forge-1.7.2-10.12.1.1060-src/lib/junit.jar:/home/farnsworth/Downloads/forge-1.7.2-10.12.1.1060-src/lib/hamcrest-core-1.3.jar:/usr/share/java/ant-launcher-1.9.2.jar:/usr/share/ant/lib/ant.jar:/usr/share/ant/lib/ant-junit-1.9.2.jar" />
    <property name="ant.version" value="Apache Ant(TM) version 1.9.2 compiled on July 14 2013" />
    <property name="java.vm.specification.name" value="Java Virtual Machine Specification" />
    <property name="ant.file.type" value="file" />
    <property name="java.vm.specification.version" value="1.7" />
    <property name="sun.cpu.endian" value="little" />
    <property name="sun.os.patch.level" value="unknown" />
    <property name="src.test" value="src/test/java" />
    <property name="debuglevel" value="source,lines,vars" />
    <property name="java.io.tmpdir" value="/tmp" />
    <property name="java.vendor.url.bug" value="http://bugreport.sun.com/bugreport/" />
    <property name="ant.file.type.Minecraft" value="file" />
    <property name="os.arch" value="amd64" />
    <property name="java.awt.graphicsenv" value="sun.awt.X11GraphicsEnvironment" />
    <property name="java.ext.dirs" value="/usr/lib/jvm/java-7-oracle/jre/lib/ext:/usr/java/packages/lib/ext" />
    <property name="user.dir" value="/home/farnsworth/Downloads/forge-1.7.2-10.12.1.1060-src/src" />
    <property name="line.separator" value="&#xa;" />
    <property name="java.vm.name" value="Java HotSpot(TM) 64-Bit Server VM" />
    <property name="basedir" value="/home/farnsworth/Downloads/forge-1.7.2-10.12.1.1060-src" />
    <property name="ant.java.version" value="1.7" />
    <property name="ant.core.lib" value="/usr/share/ant/lib/ant.jar" />
    <property name="source" value="1.7" />
    <property name="file.encoding" value="UTF-8" />
    <property name="build.test" value="build/classes/test" />
    <property name="java.specification.version" value="1.7" />
    <property name="ant.project.invoked-targets" value="test" />
  </properties>
  <testcase classname="junit.framework.TestSuite$1" name="warning" time="0.004">
    <failure message="No tests found in com.example.exampleMod.ExampleTest" type="junit.framework.AssertionFailedError">junit.framework.AssertionFailedError: No tests found in com.example.exampleMod.ExampleTest
</failure>
  </testcase>
  <system-out><![CDATA[]]></system-out>
  <system-err><![CDATA[]]></system-err>
</testsuite>
